<?xml version="1.0" encoding="windows-1252" standalone="no"?>
<!DOCTYPE log SYSTEM "logger.dtd">
<log>
<record>
  <date>2022-04-19T12:56:20</date>
  <millis>1650353180862</millis>
  <sequence>0</sequence>
  <logger>com.training.LogToFile</logger>
  <level>INFO</level>
  <class>com.training.LoggingWithPropSaveFile</class>
  <method>main</method>
  <thread>1</thread>
  <message>Try Block Called</message>
</record>
<record>
  <date>2022-04-19T12:56:20</date>
  <millis>1650353180909</millis>
  <sequence>1</sequence>
  <logger>com.training.LogToFile</logger>
  <level>WARNING</level>
  <class>com.training.LoggingWithPropSaveFile</class>
  <method>main</method>
  <thread>1</thread>
  <message>Rk is a good coder</message>
</record>
</log>
